<?xml version="1.0" encoding="UTF-8"?>
<!-- Generated by org.testng.reporters.JUnitReportReporter -->
<testsuite hostname="DESKTOP-9F6LN2L" failures="0" tests="6" name="com.kovaion.testcases.Login" time="98.928" errors="0" timestamp="2024-12-19T18:16:04 IST" skipped="0">
  <testcase classname="com.kovaion.testcases.Login" name="verify_login_with_valid_credentials" time="12.628"/>
  <testcase classname="com.kovaion.testcases.Login" name="Verify_login_with_InvalidEmail" time="16.614"/>
  <testcase classname="com.kovaion.testcases.Login" name="Verify_login_with_validEmail_and_password_with_whitespaces" time="23.324"/>
  <testcase classname="com.kovaion.testcases.Login" name="Verify_login_with_validEmail_and_Invalid_password" time="19.383"/>
  <testcase classname="com.kovaion.testcases.Login" name="Verify_login_with_mobile_number" time="16.812"/>
  <testcase classname="com.kovaion.testcases.Login" name="Verify_login_by_empty_email" time="10.167"/>
</testsuite> <!-- com.kovaion.testcases.Login -->
